The system is: Linux - 3.0.0-16-server - x86_64
Compiling the C compiler identification source file "CMakeCCompilerId.c" succeeded.
Compiler: /usr/bin/cc 
Build flags: 
Id flags: 

The output was:
0


Compilation of the C compiler identification source "CMakeCCompilerId.c" produced "a.out"

The C compiler identification is GNU, found in "/gscmnt/gc2501/maherlab/jzhang/SMC-RNA/examples_with_annotator/BedpeAnnotator_build/CMakeFiles/3.3.1/CompilerIdC/a.out"

Compiling the CXX compiler identification source file "CMakeCXXCompilerId.cpp" succeeded.
Compiler: /usr/bin/c++ 
Build flags: 
Id flags: 

The output was:
0


Compilation of the CXX compiler identification source "CMakeCXXCompilerId.cpp" produced "a.out"

The CXX compiler identification is GNU, found in "/gscmnt/gc2501/maherlab/jzhang/SMC-RNA/examples_with_annotator/BedpeAnnotator_build/CMakeFiles/3.3.1/CompilerIdCXX/a.out"

Determining if the C compiler works passed with the following output:
Change Dir: /gscmnt/gc2501/maherlab/jzhang/SMC-RNA/examples_with_annotator/BedpeAnnotator_build/CMakeFiles/CMakeTmp

Run Build Command:"/gsc/bin/gmake" "cmTC_0f185/fast"
/gsc/bin/gmake -f CMakeFiles/cmTC_0f185.dir/build.make CMakeFiles/cmTC_0f185.dir/build
gmake[1]: Entering directory `/gscmnt/gc2501/maherlab/jzhang/SMC-RNA/examples_with_annotator/BedpeAnnotator_build/CMakeFiles/CMakeTmp'
Building C object CMakeFiles/cmTC_0f185.dir/testCCompiler.c.o
/usr/bin/cc    -o CMakeFiles/cmTC_0f185.dir/testCCompiler.c.o   -c /gscmnt/gc2501/maherlab/jzhang/SMC-RNA/examples_with_annotator/BedpeAnnotator_build/CMakeFiles/CMakeTmp/testCCompiler.c
Linking C executable cmTC_0f185
/gscuser/jzhang/opt2/bin/cmake -E cmake_link_script CMakeFiles/cmTC_0f185.dir/link.txt --verbose=1
/usr/bin/cc       CMakeFiles/cmTC_0f185.dir/testCCompiler.c.o  -o cmTC_0f185 -rdynamic 
gmake[1]: Leaving directory `/gscmnt/gc2501/maherlab/jzhang/SMC-RNA/examples_with_annotator/BedpeAnnotator_build/CMakeFiles/CMakeTmp'


Detecting C compiler ABI info compiled with the following output:
Change Dir: /gscmnt/gc2501/maherlab/jzhang/SMC-RNA/examples_with_annotator/BedpeAnnotator_build/CMakeFiles/CMakeTmp

Run Build Command:"/gsc/bin/gmake" "cmTC_8365a/fast"
/gsc/bin/gmake -f CMakeFiles/cmTC_8365a.dir/build.make CMakeFiles/cmTC_8365a.dir/build
gmake[1]: Entering directory `/gscmnt/gc2501/maherlab/jzhang/SMC-RNA/examples_with_annotator/BedpeAnnotator_build/CMakeFiles/CMakeTmp'
Building C object CMakeFiles/cmTC_8365a.dir/CMakeCCompilerABI.c.o
/usr/bin/cc    -o CMakeFiles/cmTC_8365a.dir/CMakeCCompilerABI.c.o   -c /gscuser/jzhang/opt2/share/cmake-3.3/Modules/CMakeCCompilerABI.c
Linking C executable cmTC_8365a
/gscuser/jzhang/opt2/bin/cmake -E cmake_link_script CMakeFiles/cmTC_8365a.dir/link.txt --verbose=1
/usr/bin/cc      -v CMakeFiles/cmTC_8365a.dir/CMakeCCompilerABI.c.o  -o cmTC_8365a -rdynamic  
Using built-in specs.
Target: x86_64-linux-gnu
Configured with: ../src/configure -v --with-pkgversion='Ubuntu 4.4.3-4ubuntu5.1' --with-bugurl=file:///usr/share/doc/gcc-4.4/README.Bugs --enable-languages=c,c++,fortran,objc,obj-c++ --prefix=/usr --enable-shared --enable-multiarch --enable-linker-build-id --with-system-zlib --libexecdir=/usr/lib --without-included-gettext --enable-threads=posix --with-gxx-include-dir=/usr/include/c++/4.4 --program-suffix=-4.4 --enable-nls --enable-clocale=gnu --enable-libstdcxx-debug --enable-plugin --enable-objc-gc --disable-werror --with-arch-32=i486 --with-tune=generic --enable-checking=release --build=x86_64-linux-gnu --host=x86_64-linux-gnu --target=x86_64-linux-gnu
Thread model: posix
gcc version 4.4.3 (Ubuntu 4.4.3-4ubuntu5.1) 
COMPILER_PATH=/usr/lib/gcc/x86_64-linux-gnu/4.4.3/:/usr/lib/gcc/x86_64-linux-gnu/4.4.3/:/usr/lib/gcc/x86_64-linux-gnu/:/usr/lib/gcc/x86_64-linux-gnu/4.4.3/:/usr/lib/gcc/x86_64-linux-gnu/:/usr/lib/gcc/x86_64-linux-gnu/4.4.3/:/usr/lib/gcc/x86_64-linux-gnu/
LIBRARY_PATH=/usr/lib/gcc/x86_64-linux-gnu/4.4.3/:/usr/lib/gcc/x86_64-linux-gnu/4.4.3/:/usr/lib/gcc/x86_64-linux-gnu/4.4.3/../../../../lib/:/lib/../lib/:/usr/lib/../lib/:/usr/lib/gcc/x86_64-linux-gnu/4.4.3/../../../:/lib/:/usr/lib/:/usr/lib/x86_64-linux-gnu/
COLLECT_GCC_OPTIONS='-v' '-o' 'cmTC_8365a' '-rdynamic' '-mtune=generic'
 /usr/lib/gcc/x86_64-linux-gnu/4.4.3/collect2 --build-id --eh-frame-hdr -m elf_x86_64 --hash-style=both -export-dynamic -dynamic-linker /lib64/ld-linux-x86-64.so.2 -o cmTC_8365a -z relro /usr/lib/gcc/x86_64-linux-gnu/4.4.3/../../../../lib/crt1.o /usr/lib/gcc/x86_64-linux-gnu/4.4.3/../../../../lib/crti.o /usr/lib/gcc/x86_64-linux-gnu/4.4.3/crtbegin.o -L/usr/lib/gcc/x86_64-linux-gnu/4.4.3 -L/usr/lib/gcc/x86_64-linux-gnu/4.4.3 -L/usr/lib/gcc/x86_64-linux-gnu/4.4.3/../../../../lib -L/lib/../lib -L/usr/lib/../lib -L/usr/lib/gcc/x86_64-linux-gnu/4.4.3/../../.. -L/usr/lib/x86_64-linux-gnu CMakeFiles/cmTC_8365a.dir/CMakeCCompilerABI.c.o -lgcc --as-needed -lgcc_s --no-as-needed -lc -lgcc --as-needed -lgcc_s --no-as-needed /usr/lib/gcc/x86_64-linux-gnu/4.4.3/crtend.o /usr/lib/gcc/x86_64-linux-gnu/4.4.3/../../../../lib/crtn.o
gmake[1]: Leaving directory `/gscmnt/gc2501/maherlab/jzhang/SMC-RNA/examples_with_annotator/BedpeAnnotator_build/CMakeFiles/CMakeTmp'


Parsed C implicit link information from above output:
  link line regex: [^( *|.*[/\])(ld|([^/\]+-)?ld|collect2)[^/\]*( |$)]
  ignore line: [Change Dir: /gscmnt/gc2501/maherlab/jzhang/SMC-RNA/examples_with_annotator/BedpeAnnotator_build/CMakeFiles/CMakeTmp]
  ignore line: []
  ignore line: [Run Build Command:"/gsc/bin/gmake" "cmTC_8365a/fast"]
  ignore line: [/gsc/bin/gmake -f CMakeFiles/cmTC_8365a.dir/build.make CMakeFiles/cmTC_8365a.dir/build]
  ignore line: [gmake[1]: Entering directory `/gscmnt/gc2501/maherlab/jzhang/SMC-RNA/examples_with_annotator/BedpeAnnotator_build/CMakeFiles/CMakeTmp']
  ignore line: [Building C object CMakeFiles/cmTC_8365a.dir/CMakeCCompilerABI.c.o]
  ignore line: [/usr/bin/cc    -o CMakeFiles/cmTC_8365a.dir/CMakeCCompilerABI.c.o   -c /gscuser/jzhang/opt2/share/cmake-3.3/Modules/CMakeCCompilerABI.c]
  ignore line: [Linking C executable cmTC_8365a]
  ignore line: [/gscuser/jzhang/opt2/bin/cmake -E cmake_link_script CMakeFiles/cmTC_8365a.dir/link.txt --verbose=1]
  ignore line: [/usr/bin/cc      -v CMakeFiles/cmTC_8365a.dir/CMakeCCompilerABI.c.o  -o cmTC_8365a -rdynamic  ]
  ignore line: [Using built-in specs.]
  ignore line: [Target: x86_64-linux-gnu]
  ignore line: [Configured with: ../src/configure -v --with-pkgversion='Ubuntu 4.4.3-4ubuntu5.1' --with-bugurl=file:///usr/share/doc/gcc-4.4/README.Bugs --enable-languages=c,c++,fortran,objc,obj-c++ --prefix=/usr --enable-shared --enable-multiarch --enable-linker-build-id --with-system-zlib --libexecdir=/usr/lib --without-included-gettext --enable-threads=posix --with-gxx-include-dir=/usr/include/c++/4.4 --program-suffix=-4.4 --enable-nls --enable-clocale=gnu --enable-libstdcxx-debug --enable-plugin --enable-objc-gc --disable-werror --with-arch-32=i486 --with-tune=generic --enable-checking=release --build=x86_64-linux-gnu --host=x86_64-linux-gnu --target=x86_64-linux-gnu]
  ignore line: [Thread model: posix]
  ignore line: [gcc version 4.4.3 (Ubuntu 4.4.3-4ubuntu5.1) ]
  ignore line: [COMPILER_PATH=/usr/lib/gcc/x86_64-linux-gnu/4.4.3/:/usr/lib/gcc/x86_64-linux-gnu/4.4.3/:/usr/lib/gcc/x86_64-linux-gnu/:/usr/lib/gcc/x86_64-linux-gnu/4.4.3/:/usr/lib/gcc/x86_64-linux-gnu/:/usr/lib/gcc/x86_64-linux-gnu/4.4.3/:/usr/lib/gcc/x86_64-linux-gnu/]
  ignore line: [LIBRARY_PATH=/usr/lib/gcc/x86_64-linux-gnu/4.4.3/:/usr/lib/gcc/x86_64-linux-gnu/4.4.3/:/usr/lib/gcc/x86_64-linux-gnu/4.4.3/../../../../lib/:/lib/../lib/:/usr/lib/../lib/:/usr/lib/gcc/x86_64-linux-gnu/4.4.3/../../../:/lib/:/usr/lib/:/usr/lib/x86_64-linux-gnu/]
  ignore line: [COLLECT_GCC_OPTIONS='-v' '-o' 'cmTC_8365a' '-rdynamic' '-mtune=generic']
  link line: [ /usr/lib/gcc/x86_64-linux-gnu/4.4.3/collect2 --build-id --eh-frame-hdr -m elf_x86_64 --hash-style=both -export-dynamic -dynamic-linker /lib64/ld-linux-x86-64.so.2 -o cmTC_8365a -z relro /usr/lib/gcc/x86_64-linux-gnu/4.4.3/../../../../lib/crt1.o /usr/lib/gcc/x86_64-linux-gnu/4.4.3/../../../../lib/crti.o /usr/lib/gcc/x86_64-linux-gnu/4.4.3/crtbegin.o -L/usr/lib/gcc/x86_64-linux-gnu/4.4.3 -L/usr/lib/gcc/x86_64-linux-gnu/4.4.3 -L/usr/lib/gcc/x86_64-linux-gnu/4.4.3/../../../../lib -L/lib/../lib -L/usr/lib/../lib -L/usr/lib/gcc/x86_64-linux-gnu/4.4.3/../../.. -L/usr/lib/x86_64-linux-gnu CMakeFiles/cmTC_8365a.dir/CMakeCCompilerABI.c.o -lgcc --as-needed -lgcc_s --no-as-needed -lc -lgcc --as-needed -lgcc_s --no-as-needed /usr/lib/gcc/x86_64-linux-gnu/4.4.3/crtend.o /usr/lib/gcc/x86_64-linux-gnu/4.4.3/../../../../lib/crtn.o]
    arg [/usr/lib/gcc/x86_64-linux-gnu/4.4.3/collect2] ==> ignore
    arg [--build-id] ==> ignore
    arg [--eh-frame-hdr] ==> ignore
    arg [-m] ==> ignore
    arg [elf_x86_64] ==> ignore
    arg [--hash-style=both] ==> ignore
    arg [-export-dynamic] ==> ignore
    arg [-dynamic-linker] ==> ignore
    arg [/lib64/ld-linux-x86-64.so.2] ==> ignore
    arg [-o] ==> ignore
    arg [cmTC_8365a] ==> ignore
    arg [-zrelro] ==> ignore
    arg [/usr/lib/gcc/x86_64-linux-gnu/4.4.3/../../../../lib/crt1.o] ==> ignore
    arg [/usr/lib/gcc/x86_64-linux-gnu/4.4.3/../../../../lib/crti.o] ==> ignore
    arg [/usr/lib/gcc/x86_64-linux-gnu/4.4.3/crtbegin.o] ==> ignore
    arg [-L/usr/lib/gcc/x86_64-linux-gnu/4.4.3] ==> dir [/usr/lib/gcc/x86_64-linux-gnu/4.4.3]
    arg [-L/usr/lib/gcc/x86_64-linux-gnu/4.4.3] ==> dir [/usr/lib/gcc/x86_64-linux-gnu/4.4.3]
    arg [-L/usr/lib/gcc/x86_64-linux-gnu/4.4.3/../../../../lib] ==> dir [/usr/lib/gcc/x86_64-linux-gnu/4.4.3/../../../../lib]
    arg [-L/lib/../lib] ==> dir [/lib/../lib]
    arg [-L/usr/lib/../lib] ==> dir [/usr/lib/../lib]
    arg [-L/usr/lib/gcc/x86_64-linux-gnu/4.4.3/../../..] ==> dir [/usr/lib/gcc/x86_64-linux-gnu/4.4.3/../../..]
    arg [-L/usr/lib/x86_64-linux-gnu] ==> dir [/usr/lib/x86_64-linux-gnu]
    arg [CMakeFiles/cmTC_8365a.dir/CMakeCCompilerABI.c.o] ==> ignore
    arg [-lgcc] ==> lib [gcc]
    arg [--as-needed] ==> ignore
    arg [-lgcc_s] ==> lib [gcc_s]
    arg [--no-as-needed] ==> ignore
    arg [-lc] ==> lib [c]
    arg [-lgcc] ==> lib [gcc]
    arg [--as-needed] ==> ignore
    arg [-lgcc_s] ==> lib [gcc_s]
    arg [--no-as-needed] ==> ignore
    arg [/usr/lib/gcc/x86_64-linux-gnu/4.4.3/crtend.o] ==> ignore
    arg [/usr/lib/gcc/x86_64-linux-gnu/4.4.3/../../../../lib/crtn.o] ==> ignore
  remove lib [gcc]
  remove lib [gcc_s]
  remove lib [gcc]
  remove lib [gcc_s]
  collapse library dir [/usr/lib/gcc/x86_64-linux-gnu/4.4.3] ==> [/usr/lib/gcc/x86_64-linux-gnu/4.4.3]
  collapse library dir [/usr/lib/gcc/x86_64-linux-gnu/4.4.3] ==> [/usr/lib/gcc/x86_64-linux-gnu/4.4.3]
  collapse library dir [/usr/lib/gcc/x86_64-linux-gnu/4.4.3/../../../../lib] ==> [/usr/lib]
  collapse library dir [/lib/../lib] ==> [/lib]
  collapse library dir [/usr/lib/../lib] ==> [/usr/lib]
  collapse library dir [/usr/lib/gcc/x86_64-linux-gnu/4.4.3/../../..] ==> [/usr/lib]
  collapse library dir [/usr/lib/x86_64-linux-gnu] ==> [/usr/lib/x86_64-linux-gnu]
  implicit libs: [c]
  implicit dirs: [/usr/lib/gcc/x86_64-linux-gnu/4.4.3;/usr/lib;/lib;/usr/lib/x86_64-linux-gnu]
  implicit fwks: []




Detecting C [-std=c99] compiler features compiled with the following output:
Change Dir: /gscmnt/gc2501/maherlab/jzhang/SMC-RNA/examples_with_annotator/BedpeAnnotator_build/CMakeFiles/CMakeTmp

Run Build Command:"/gsc/bin/gmake" "cmTC_61933/fast"
/gsc/bin/gmake -f CMakeFiles/cmTC_61933.dir/build.make CMakeFiles/cmTC_61933.dir/build
gmake[1]: Entering directory `/gscmnt/gc2501/maherlab/jzhang/SMC-RNA/examples_with_annotator/BedpeAnnotator_build/CMakeFiles/CMakeTmp'
Building C object CMakeFiles/cmTC_61933.dir/feature_tests.c.o
/usr/bin/cc   -std=c99 -o CMakeFiles/cmTC_61933.dir/feature_tests.c.o   -c /gscmnt/gc2501/maherlab/jzhang/SMC-RNA/examples_with_annotator/BedpeAnnotator_build/CMakeFiles/feature_tests.c
Linking C executable cmTC_61933
/gscuser/jzhang/opt2/bin/cmake -E cmake_link_script CMakeFiles/cmTC_61933.dir/link.txt --verbose=1
/usr/bin/cc       CMakeFiles/cmTC_61933.dir/feature_tests.c.o  -o cmTC_61933 -rdynamic 
gmake[1]: Leaving directory `/gscmnt/gc2501/maherlab/jzhang/SMC-RNA/examples_with_annotator/BedpeAnnotator_build/CMakeFiles/CMakeTmp'


    Feature record: C_FEATURE:1c_function_prototypes
    Feature record: C_FEATURE:1c_restrict
    Feature record: C_FEATURE:0c_static_assert
    Feature record: C_FEATURE:1c_variadic_macros


Detecting C [-std=c89] compiler features compiled with the following output:
Change Dir: /gscmnt/gc2501/maherlab/jzhang/SMC-RNA/examples_with_annotator/BedpeAnnotator_build/CMakeFiles/CMakeTmp

Run Build Command:"/gsc/bin/gmake" "cmTC_db213/fast"
/gsc/bin/gmake -f CMakeFiles/cmTC_db213.dir/build.make CMakeFiles/cmTC_db213.dir/build
gmake[1]: Entering directory `/gscmnt/gc2501/maherlab/jzhang/SMC-RNA/examples_with_annotator/BedpeAnnotator_build/CMakeFiles/CMakeTmp'
Building C object CMakeFiles/cmTC_db213.dir/feature_tests.c.o
/usr/bin/cc   -std=c89 -o CMakeFiles/cmTC_db213.dir/feature_tests.c.o   -c /gscmnt/gc2501/maherlab/jzhang/SMC-RNA/examples_with_annotator/BedpeAnnotator_build/CMakeFiles/feature_tests.c
Linking C executable cmTC_db213
/gscuser/jzhang/opt2/bin/cmake -E cmake_link_script CMakeFiles/cmTC_db213.dir/link.txt --verbose=1
/usr/bin/cc       CMakeFiles/cmTC_db213.dir/feature_tests.c.o  -o cmTC_db213 -rdynamic 
gmake[1]: Leaving directory `/gscmnt/gc2501/maherlab/jzhang/SMC-RNA/examples_with_annotator/BedpeAnnotator_build/CMakeFiles/CMakeTmp'


    Feature record: C_FEATURE:1c_function_prototypes
    Feature record: C_FEATURE:0c_restrict
    Feature record: C_FEATURE:0c_static_assert
    Feature record: C_FEATURE:0c_variadic_macros
Determining if the CXX compiler works passed with the following output:
Change Dir: /gscmnt/gc2501/maherlab/jzhang/SMC-RNA/examples_with_annotator/BedpeAnnotator_build/CMakeFiles/CMakeTmp

Run Build Command:"/gsc/bin/gmake" "cmTC_2846a/fast"
/gsc/bin/gmake -f CMakeFiles/cmTC_2846a.dir/build.make CMakeFiles/cmTC_2846a.dir/build
gmake[1]: Entering directory `/gscmnt/gc2501/maherlab/jzhang/SMC-RNA/examples_with_annotator/BedpeAnnotator_build/CMakeFiles/CMakeTmp'
Building CXX object CMakeFiles/cmTC_2846a.dir/testCXXCompiler.cxx.o
/usr/bin/c++     -o CMakeFiles/cmTC_2846a.dir/testCXXCompiler.cxx.o -c /gscmnt/gc2501/maherlab/jzhang/SMC-RNA/examples_with_annotator/BedpeAnnotator_build/CMakeFiles/CMakeTmp/testCXXCompiler.cxx
Linking CXX executable cmTC_2846a
/gscuser/jzhang/opt2/bin/cmake -E cmake_link_script CMakeFiles/cmTC_2846a.dir/link.txt --verbose=1
/usr/bin/c++        CMakeFiles/cmTC_2846a.dir/testCXXCompiler.cxx.o  -o cmTC_2846a -rdynamic 
gmake[1]: Leaving directory `/gscmnt/gc2501/maherlab/jzhang/SMC-RNA/examples_with_annotator/BedpeAnnotator_build/CMakeFiles/CMakeTmp'


Detecting CXX compiler ABI info compiled with the following output:
Change Dir: /gscmnt/gc2501/maherlab/jzhang/SMC-RNA/examples_with_annotator/BedpeAnnotator_build/CMakeFiles/CMakeTmp

Run Build Command:"/gsc/bin/gmake" "cmTC_d77a6/fast"
/gsc/bin/gmake -f CMakeFiles/cmTC_d77a6.dir/build.make CMakeFiles/cmTC_d77a6.dir/build
gmake[1]: Entering directory `/gscmnt/gc2501/maherlab/jzhang/SMC-RNA/examples_with_annotator/BedpeAnnotator_build/CMakeFiles/CMakeTmp'
Building CXX object CMakeFiles/cmTC_d77a6.dir/CMakeCXXCompilerABI.cpp.o
/usr/bin/c++     -o CMakeFiles/cmTC_d77a6.dir/CMakeCXXCompilerABI.cpp.o -c /gscuser/jzhang/opt2/share/cmake-3.3/Modules/CMakeCXXCompilerABI.cpp
Linking CXX executable cmTC_d77a6
/gscuser/jzhang/opt2/bin/cmake -E cmake_link_script CMakeFiles/cmTC_d77a6.dir/link.txt --verbose=1
/usr/bin/c++       -v CMakeFiles/cmTC_d77a6.dir/CMakeCXXCompilerABI.cpp.o  -o cmTC_d77a6 -rdynamic  
Using built-in specs.
Target: x86_64-linux-gnu
Configured with: ../src/configure -v --with-pkgversion='Ubuntu 4.4.3-4ubuntu5.1' --with-bugurl=file:///usr/share/doc/gcc-4.4/README.Bugs --enable-languages=c,c++,fortran,objc,obj-c++ --prefix=/usr --enable-shared --enable-multiarch --enable-linker-build-id --with-system-zlib --libexecdir=/usr/lib --without-included-gettext --enable-threads=posix --with-gxx-include-dir=/usr/include/c++/4.4 --program-suffix=-4.4 --enable-nls --enable-clocale=gnu --enable-libstdcxx-debug --enable-plugin --enable-objc-gc --disable-werror --with-arch-32=i486 --with-tune=generic --enable-checking=release --build=x86_64-linux-gnu --host=x86_64-linux-gnu --target=x86_64-linux-gnu
Thread model: posix
gcc version 4.4.3 (Ubuntu 4.4.3-4ubuntu5.1) 
COMPILER_PATH=/usr/lib/gcc/x86_64-linux-gnu/4.4.3/:/usr/lib/gcc/x86_64-linux-gnu/4.4.3/:/usr/lib/gcc/x86_64-linux-gnu/:/usr/lib/gcc/x86_64-linux-gnu/4.4.3/:/usr/lib/gcc/x86_64-linux-gnu/:/usr/lib/gcc/x86_64-linux-gnu/4.4.3/:/usr/lib/gcc/x86_64-linux-gnu/
LIBRARY_PATH=/usr/lib/gcc/x86_64-linux-gnu/4.4.3/:/usr/lib/gcc/x86_64-linux-gnu/4.4.3/:/usr/lib/gcc/x86_64-linux-gnu/4.4.3/../../../../lib/:/lib/../lib/:/usr/lib/../lib/:/usr/lib/gcc/x86_64-linux-gnu/4.4.3/../../../:/lib/:/usr/lib/:/usr/lib/x86_64-linux-gnu/
COLLECT_GCC_OPTIONS='-v' '-o' 'cmTC_d77a6' '-rdynamic' '-shared-libgcc' '-mtune=generic'
 /usr/lib/gcc/x86_64-linux-gnu/4.4.3/collect2 --build-id --eh-frame-hdr -m elf_x86_64 --hash-style=both -export-dynamic -dynamic-linker /lib64/ld-linux-x86-64.so.2 -o cmTC_d77a6 -z relro /usr/lib/gcc/x86_64-linux-gnu/4.4.3/../../../../lib/crt1.o /usr/lib/gcc/x86_64-linux-gnu/4.4.3/../../../../lib/crti.o /usr/lib/gcc/x86_64-linux-gnu/4.4.3/crtbegin.o -L/usr/lib/gcc/x86_64-linux-gnu/4.4.3 -L/usr/lib/gcc/x86_64-linux-gnu/4.4.3 -L/usr/lib/gcc/x86_64-linux-gnu/4.4.3/../../../../lib -L/lib/../lib -L/usr/lib/../lib -L/usr/lib/gcc/x86_64-linux-gnu/4.4.3/../../.. -L/usr/lib/x86_64-linux-gnu CMakeFiles/cmTC_d77a6.dir/CMakeCXXCompilerABI.cpp.o -lstdc++ -lm -lgcc_s -lgcc -lc -lgcc_s -lgcc /usr/lib/gcc/x86_64-linux-gnu/4.4.3/crtend.o /usr/lib/gcc/x86_64-linux-gnu/4.4.3/../../../../lib/crtn.o
gmake[1]: Leaving directory `/gscmnt/gc2501/maherlab/jzhang/SMC-RNA/examples_with_annotator/BedpeAnnotator_build/CMakeFiles/CMakeTmp'


Parsed CXX implicit link information from above output:
  link line regex: [^( *|.*[/\])(ld|([^/\]+-)?ld|collect2)[^/\]*( |$)]
  ignore line: [Change Dir: /gscmnt/gc2501/maherlab/jzhang/SMC-RNA/examples_with_annotator/BedpeAnnotator_build/CMakeFiles/CMakeTmp]
  ignore line: []
  ignore line: [Run Build Command:"/gsc/bin/gmake" "cmTC_d77a6/fast"]
  ignore line: [/gsc/bin/gmake -f CMakeFiles/cmTC_d77a6.dir/build.make CMakeFiles/cmTC_d77a6.dir/build]
  ignore line: [gmake[1]: Entering directory `/gscmnt/gc2501/maherlab/jzhang/SMC-RNA/examples_with_annotator/BedpeAnnotator_build/CMakeFiles/CMakeTmp']
  ignore line: [Building CXX object CMakeFiles/cmTC_d77a6.dir/CMakeCXXCompilerABI.cpp.o]
  ignore line: [/usr/bin/c++     -o CMakeFiles/cmTC_d77a6.dir/CMakeCXXCompilerABI.cpp.o -c /gscuser/jzhang/opt2/share/cmake-3.3/Modules/CMakeCXXCompilerABI.cpp]
  ignore line: [Linking CXX executable cmTC_d77a6]
  ignore line: [/gscuser/jzhang/opt2/bin/cmake -E cmake_link_script CMakeFiles/cmTC_d77a6.dir/link.txt --verbose=1]
  ignore line: [/usr/bin/c++       -v CMakeFiles/cmTC_d77a6.dir/CMakeCXXCompilerABI.cpp.o  -o cmTC_d77a6 -rdynamic  ]
  ignore line: [Using built-in specs.]
  ignore line: [Target: x86_64-linux-gnu]
  ignore line: [Configured with: ../src/configure -v --with-pkgversion='Ubuntu 4.4.3-4ubuntu5.1' --with-bugurl=file:///usr/share/doc/gcc-4.4/README.Bugs --enable-languages=c,c++,fortran,objc,obj-c++ --prefix=/usr --enable-shared --enable-multiarch --enable-linker-build-id --with-system-zlib --libexecdir=/usr/lib --without-included-gettext --enable-threads=posix --with-gxx-include-dir=/usr/include/c++/4.4 --program-suffix=-4.4 --enable-nls --enable-clocale=gnu --enable-libstdcxx-debug --enable-plugin --enable-objc-gc --disable-werror --with-arch-32=i486 --with-tune=generic --enable-checking=release --build=x86_64-linux-gnu --host=x86_64-linux-gnu --target=x86_64-linux-gnu]
  ignore line: [Thread model: posix]
  ignore line: [gcc version 4.4.3 (Ubuntu 4.4.3-4ubuntu5.1) ]
  ignore line: [COMPILER_PATH=/usr/lib/gcc/x86_64-linux-gnu/4.4.3/:/usr/lib/gcc/x86_64-linux-gnu/4.4.3/:/usr/lib/gcc/x86_64-linux-gnu/:/usr/lib/gcc/x86_64-linux-gnu/4.4.3/:/usr/lib/gcc/x86_64-linux-gnu/:/usr/lib/gcc/x86_64-linux-gnu/4.4.3/:/usr/lib/gcc/x86_64-linux-gnu/]
  ignore line: [LIBRARY_PATH=/usr/lib/gcc/x86_64-linux-gnu/4.4.3/:/usr/lib/gcc/x86_64-linux-gnu/4.4.3/:/usr/lib/gcc/x86_64-linux-gnu/4.4.3/../../../../lib/:/lib/../lib/:/usr/lib/../lib/:/usr/lib/gcc/x86_64-linux-gnu/4.4.3/../../../:/lib/:/usr/lib/:/usr/lib/x86_64-linux-gnu/]
  ignore line: [COLLECT_GCC_OPTIONS='-v' '-o' 'cmTC_d77a6' '-rdynamic' '-shared-libgcc' '-mtune=generic']
  link line: [ /usr/lib/gcc/x86_64-linux-gnu/4.4.3/collect2 --build-id --eh-frame-hdr -m elf_x86_64 --hash-style=both -export-dynamic -dynamic-linker /lib64/ld-linux-x86-64.so.2 -o cmTC_d77a6 -z relro /usr/lib/gcc/x86_64-linux-gnu/4.4.3/../../../../lib/crt1.o /usr/lib/gcc/x86_64-linux-gnu/4.4.3/../../../../lib/crti.o /usr/lib/gcc/x86_64-linux-gnu/4.4.3/crtbegin.o -L/usr/lib/gcc/x86_64-linux-gnu/4.4.3 -L/usr/lib/gcc/x86_64-linux-gnu/4.4.3 -L/usr/lib/gcc/x86_64-linux-gnu/4.4.3/../../../../lib -L/lib/../lib -L/usr/lib/../lib -L/usr/lib/gcc/x86_64-linux-gnu/4.4.3/../../.. -L/usr/lib/x86_64-linux-gnu CMakeFiles/cmTC_d77a6.dir/CMakeCXXCompilerABI.cpp.o -lstdc++ -lm -lgcc_s -lgcc -lc -lgcc_s -lgcc /usr/lib/gcc/x86_64-linux-gnu/4.4.3/crtend.o /usr/lib/gcc/x86_64-linux-gnu/4.4.3/../../../../lib/crtn.o]
    arg [/usr/lib/gcc/x86_64-linux-gnu/4.4.3/collect2] ==> ignore
    arg [--build-id] ==> ignore
    arg [--eh-frame-hdr] ==> ignore
    arg [-m] ==> ignore
    arg [elf_x86_64] ==> ignore
    arg [--hash-style=both] ==> ignore
    arg [-export-dynamic] ==> ignore
    arg [-dynamic-linker] ==> ignore
    arg [/lib64/ld-linux-x86-64.so.2] ==> ignore
    arg [-o] ==> ignore
    arg [cmTC_d77a6] ==> ignore
    arg [-zrelro] ==> ignore
    arg [/usr/lib/gcc/x86_64-linux-gnu/4.4.3/../../../../lib/crt1.o] ==> ignore
    arg [/usr/lib/gcc/x86_64-linux-gnu/4.4.3/../../../../lib/crti.o] ==> ignore
    arg [/usr/lib/gcc/x86_64-linux-gnu/4.4.3/crtbegin.o] ==> ignore
    arg [-L/usr/lib/gcc/x86_64-linux-gnu/4.4.3] ==> dir [/usr/lib/gcc/x86_64-linux-gnu/4.4.3]
    arg [-L/usr/lib/gcc/x86_64-linux-gnu/4.4.3] ==> dir [/usr/lib/gcc/x86_64-linux-gnu/4.4.3]
    arg [-L/usr/lib/gcc/x86_64-linux-gnu/4.4.3/../../../../lib] ==> dir [/usr/lib/gcc/x86_64-linux-gnu/4.4.3/../../../../lib]
    arg [-L/lib/../lib] ==> dir [/lib/../lib]
    arg [-L/usr/lib/../lib] ==> dir [/usr/lib/../lib]
    arg [-L/usr/lib/gcc/x86_64-linux-gnu/4.4.3/../../..] ==> dir [/usr/lib/gcc/x86_64-linux-gnu/4.4.3/../../..]
    arg [-L/usr/lib/x86_64-linux-gnu] ==> dir [/usr/lib/x86_64-linux-gnu]
    arg [CMakeFiles/cmTC_d77a6.dir/CMakeCXXCompilerABI.cpp.o] ==> ignore
    arg [-lstdc++] ==> lib [stdc++]
    arg [-lm] ==> lib [m]
    arg [-lgcc_s] ==> lib [gcc_s]
    arg [-lgcc] ==> lib [gcc]
    arg [-lc] ==> lib [c]
    arg [-lgcc_s] ==> lib [gcc_s]
    arg [-lgcc] ==> lib [gcc]
    arg [/usr/lib/gcc/x86_64-linux-gnu/4.4.3/crtend.o] ==> ignore
    arg [/usr/lib/gcc/x86_64-linux-gnu/4.4.3/../../../../lib/crtn.o] ==> ignore
  remove lib [gcc_s]
  remove lib [gcc]
  remove lib [gcc_s]
  remove lib [gcc]
  collapse library dir [/usr/lib/gcc/x86_64-linux-gnu/4.4.3] ==> [/usr/lib/gcc/x86_64-linux-gnu/4.4.3]
  collapse library dir [/usr/lib/gcc/x86_64-linux-gnu/4.4.3] ==> [/usr/lib/gcc/x86_64-linux-gnu/4.4.3]
  collapse library dir [/usr/lib/gcc/x86_64-linux-gnu/4.4.3/../../../../lib] ==> [/usr/lib]
  collapse library dir [/lib/../lib] ==> [/lib]
  collapse library dir [/usr/lib/../lib] ==> [/usr/lib]
  collapse library dir [/usr/lib/gcc/x86_64-linux-gnu/4.4.3/../../..] ==> [/usr/lib]
  collapse library dir [/usr/lib/x86_64-linux-gnu] ==> [/usr/lib/x86_64-linux-gnu]
  implicit libs: [stdc++;m;c]
  implicit dirs: [/usr/lib/gcc/x86_64-linux-gnu/4.4.3;/usr/lib;/lib;/usr/lib/x86_64-linux-gnu]
  implicit fwks: []




Detecting CXX [-std=c++0x] compiler features compiled with the following output:
Change Dir: /gscmnt/gc2501/maherlab/jzhang/SMC-RNA/examples_with_annotator/BedpeAnnotator_build/CMakeFiles/CMakeTmp

Run Build Command:"/gsc/bin/gmake" "cmTC_9475a/fast"
/gsc/bin/gmake -f CMakeFiles/cmTC_9475a.dir/build.make CMakeFiles/cmTC_9475a.dir/build
gmake[1]: Entering directory `/gscmnt/gc2501/maherlab/jzhang/SMC-RNA/examples_with_annotator/BedpeAnnotator_build/CMakeFiles/CMakeTmp'
Building CXX object CMakeFiles/cmTC_9475a.dir/feature_tests.cxx.o
/usr/bin/c++    -std=c++0x -o CMakeFiles/cmTC_9475a.dir/feature_tests.cxx.o -c /gscmnt/gc2501/maherlab/jzhang/SMC-RNA/examples_with_annotator/BedpeAnnotator_build/CMakeFiles/feature_tests.cxx
Linking CXX executable cmTC_9475a
/gscuser/jzhang/opt2/bin/cmake -E cmake_link_script CMakeFiles/cmTC_9475a.dir/link.txt --verbose=1
/usr/bin/c++        CMakeFiles/cmTC_9475a.dir/feature_tests.cxx.o  -o cmTC_9475a -rdynamic 
gmake[1]: Leaving directory `/gscmnt/gc2501/maherlab/jzhang/SMC-RNA/examples_with_annotator/BedpeAnnotator_build/CMakeFiles/CMakeTmp'


    Feature record: CXX_FEATURE:0cxx_aggregate_default_initializers
    Feature record: CXX_FEATURE:0cxx_alias_templates
    Feature record: CXX_FEATURE:0cxx_alignas
    Feature record: CXX_FEATURE:0cxx_alignof
    Feature record: CXX_FEATURE:0cxx_attributes
    Feature record: CXX_FEATURE:0cxx_attribute_deprecated
    Feature record: CXX_FEATURE:1cxx_auto_type
    Feature record: CXX_FEATURE:0cxx_binary_literals
    Feature record: CXX_FEATURE:0cxx_constexpr
    Feature record: CXX_FEATURE:0cxx_contextual_conversions
    Feature record: CXX_FEATURE:1cxx_decltype
    Feature record: CXX_FEATURE:0cxx_decltype_auto
    Feature record: CXX_FEATURE:0cxx_decltype_incomplete_return_types
    Feature record: CXX_FEATURE:1cxx_default_function_template_args
    Feature record: CXX_FEATURE:1cxx_defaulted_functions
    Feature record: CXX_FEATURE:0cxx_defaulted_move_initializers
    Feature record: CXX_FEATURE:0cxx_delegating_constructors
    Feature record: CXX_FEATURE:1cxx_deleted_functions
    Feature record: CXX_FEATURE:0cxx_digit_separators
    Feature record: CXX_FEATURE:0cxx_enum_forward_declarations
    Feature record: CXX_FEATURE:0cxx_explicit_conversions
    Feature record: CXX_FEATURE:0cxx_extended_friend_declarations
    Feature record: CXX_FEATURE:1cxx_extern_templates
    Feature record: CXX_FEATURE:0cxx_final
    Feature record: CXX_FEATURE:1cxx_func_identifier
    Feature record: CXX_FEATURE:1cxx_generalized_initializers
    Feature record: CXX_FEATURE:0cxx_generic_lambdas
    Feature record: CXX_FEATURE:0cxx_inheriting_constructors
    Feature record: CXX_FEATURE:1cxx_inline_namespaces
    Feature record: CXX_FEATURE:0cxx_lambdas
    Feature record: CXX_FEATURE:0cxx_lambda_init_captures
    Feature record: CXX_FEATURE:0cxx_local_type_template_args
    Feature record: CXX_FEATURE:1cxx_long_long_type
    Feature record: CXX_FEATURE:0cxx_noexcept
    Feature record: CXX_FEATURE:0cxx_nonstatic_member_init
    Feature record: CXX_FEATURE:0cxx_nullptr
    Feature record: CXX_FEATURE:0cxx_override
    Feature record: CXX_FEATURE:0cxx_range_for
    Feature record: CXX_FEATURE:0cxx_raw_string_literals
    Feature record: CXX_FEATURE:0cxx_reference_qualified_functions
    Feature record: CXX_FEATURE:0cxx_relaxed_constexpr
    Feature record: CXX_FEATURE:0cxx_return_type_deduction
    Feature record: CXX_FEATURE:1cxx_right_angle_brackets
    Feature record: CXX_FEATURE:1cxx_rvalue_references
    Feature record: CXX_FEATURE:1cxx_sizeof_member
    Feature record: CXX_FEATURE:1cxx_static_assert
    Feature record: CXX_FEATURE:1cxx_strong_enums
    Feature record: CXX_FEATURE:1cxx_template_template_parameters
    Feature record: CXX_FEATURE:0cxx_thread_local
    Feature record: CXX_FEATURE:1cxx_trailing_return_types
    Feature record: CXX_FEATURE:1cxx_unicode_literals
    Feature record: CXX_FEATURE:1cxx_uniform_initialization
    Feature record: CXX_FEATURE:0cxx_unrestricted_unions
    Feature record: CXX_FEATURE:0cxx_user_literals
    Feature record: CXX_FEATURE:0cxx_variable_templates
    Feature record: CXX_FEATURE:1cxx_variadic_macros
    Feature record: CXX_FEATURE:1cxx_variadic_templates


Detecting CXX [-std=c++98] compiler features compiled with the following output:
Change Dir: /gscmnt/gc2501/maherlab/jzhang/SMC-RNA/examples_with_annotator/BedpeAnnotator_build/CMakeFiles/CMakeTmp

Run Build Command:"/gsc/bin/gmake" "cmTC_b8c25/fast"
/gsc/bin/gmake -f CMakeFiles/cmTC_b8c25.dir/build.make CMakeFiles/cmTC_b8c25.dir/build
gmake[1]: Entering directory `/gscmnt/gc2501/maherlab/jzhang/SMC-RNA/examples_with_annotator/BedpeAnnotator_build/CMakeFiles/CMakeTmp'
Building CXX object CMakeFiles/cmTC_b8c25.dir/feature_tests.cxx.o
/usr/bin/c++    -std=c++98 -o CMakeFiles/cmTC_b8c25.dir/feature_tests.cxx.o -c /gscmnt/gc2501/maherlab/jzhang/SMC-RNA/examples_with_annotator/BedpeAnnotator_build/CMakeFiles/feature_tests.cxx
Linking CXX executable cmTC_b8c25
/gscuser/jzhang/opt2/bin/cmake -E cmake_link_script CMakeFiles/cmTC_b8c25.dir/link.txt --verbose=1
/usr/bin/c++        CMakeFiles/cmTC_b8c25.dir/feature_tests.cxx.o  -o cmTC_b8c25 -rdynamic 
gmake[1]: Leaving directory `/gscmnt/gc2501/maherlab/jzhang/SMC-RNA/examples_with_annotator/BedpeAnnotator_build/CMakeFiles/CMakeTmp'


    Feature record: CXX_FEATURE:0cxx_aggregate_default_initializers
    Feature record: CXX_FEATURE:0cxx_alias_templates
    Feature record: CXX_FEATURE:0cxx_alignas
    Feature record: CXX_FEATURE:0cxx_alignof
    Feature record: CXX_FEATURE:0cxx_attributes
    Feature record: CXX_FEATURE:0cxx_attribute_deprecated
    Feature record: CXX_FEATURE:0cxx_auto_type
    Feature record: CXX_FEATURE:0cxx_binary_literals
    Feature record: CXX_FEATURE:0cxx_constexpr
    Feature record: CXX_FEATURE:0cxx_contextual_conversions
    Feature record: CXX_FEATURE:0cxx_decltype
    Feature record: CXX_FEATURE:0cxx_decltype_auto
    Feature record: CXX_FEATURE:0cxx_decltype_incomplete_return_types
    Feature record: CXX_FEATURE:0cxx_default_function_template_args
    Feature record: CXX_FEATURE:0cxx_defaulted_functions
    Feature record: CXX_FEATURE:0cxx_defaulted_move_initializers
    Feature record: CXX_FEATURE:0cxx_delegating_constructors
    Feature record: CXX_FEATURE:0cxx_deleted_functions
    Feature record: CXX_FEATURE:0cxx_digit_separators
    Feature record: CXX_FEATURE:0cxx_enum_forward_declarations
    Feature record: CXX_FEATURE:0cxx_explicit_conversions
    Feature record: CXX_FEATURE:0cxx_extended_friend_declarations
    Feature record: CXX_FEATURE:0cxx_extern_templates
    Feature record: CXX_FEATURE:0cxx_final
    Feature record: CXX_FEATURE:0cxx_func_identifier
    Feature record: CXX_FEATURE:0cxx_generalized_initializers
    Feature record: CXX_FEATURE:0cxx_generic_lambdas
    Feature record: CXX_FEATURE:0cxx_inheriting_constructors
    Feature record: CXX_FEATURE:0cxx_inline_namespaces
    Feature record: CXX_FEATURE:0cxx_lambdas
    Feature record: CXX_FEATURE:0cxx_lambda_init_captures
    Feature record: CXX_FEATURE:0cxx_local_type_template_args
    Feature record: CXX_FEATURE:0cxx_long_long_type
    Feature record: CXX_FEATURE:0cxx_noexcept
    Feature record: CXX_FEATURE:0cxx_nonstatic_member_init
    Feature record: CXX_FEATURE:0cxx_nullptr
    Feature record: CXX_FEATURE:0cxx_override
    Feature record: CXX_FEATURE:0cxx_range_for
    Feature record: CXX_FEATURE:0cxx_raw_string_literals
    Feature record: CXX_FEATURE:0cxx_reference_qualified_functions
    Feature record: CXX_FEATURE:0cxx_relaxed_constexpr
    Feature record: CXX_FEATURE:0cxx_return_type_deduction
    Feature record: CXX_FEATURE:0cxx_right_angle_brackets
    Feature record: CXX_FEATURE:0cxx_rvalue_references
    Feature record: CXX_FEATURE:0cxx_sizeof_member
    Feature record: CXX_FEATURE:0cxx_static_assert
    Feature record: CXX_FEATURE:0cxx_strong_enums
    Feature record: CXX_FEATURE:1cxx_template_template_parameters
    Feature record: CXX_FEATURE:0cxx_thread_local
    Feature record: CXX_FEATURE:0cxx_trailing_return_types
    Feature record: CXX_FEATURE:0cxx_unicode_literals
    Feature record: CXX_FEATURE:0cxx_uniform_initialization
    Feature record: CXX_FEATURE:0cxx_unrestricted_unions
    Feature record: CXX_FEATURE:0cxx_user_literals
    Feature record: CXX_FEATURE:0cxx_variable_templates
    Feature record: CXX_FEATURE:0cxx_variadic_macros
    Feature record: CXX_FEATURE:0cxx_variadic_templates
Performing C++ SOURCE FILE Test SUPPORTS_STD_CXX01 succeded with the following output:
Change Dir: /gscmnt/gc2501/maherlab/jzhang/SMC-RNA/examples_with_annotator/BedpeAnnotator_build/CMakeFiles/CMakeTmp

Run Build Command:"/gsc/bin/gmake" "cmTC_51e33/fast"
/gsc/bin/gmake -f CMakeFiles/cmTC_51e33.dir/build.make CMakeFiles/cmTC_51e33.dir/build
gmake[1]: Entering directory `/gscmnt/gc2501/maherlab/jzhang/SMC-RNA/examples_with_annotator/BedpeAnnotator_build/CMakeFiles/CMakeTmp'
Building CXX object CMakeFiles/cmTC_51e33.dir/src.cxx.o
/usr/bin/c++    -DSUPPORTS_STD_CXX01   --std=c++0x -o CMakeFiles/cmTC_51e33.dir/src.cxx.o -c /gscmnt/gc2501/maherlab/jzhang/SMC-RNA/examples_with_annotator/BedpeAnnotator_build/CMakeFiles/CMakeTmp/src.cxx
Linking CXX executable cmTC_51e33
/gscuser/jzhang/opt2/bin/cmake -E cmake_link_script CMakeFiles/cmTC_51e33.dir/link.txt --verbose=1
/usr/bin/c++    -DSUPPORTS_STD_CXX01    CMakeFiles/cmTC_51e33.dir/src.cxx.o  -o cmTC_51e33 -rdynamic 
gmake[1]: Leaving directory `/gscmnt/gc2501/maherlab/jzhang/SMC-RNA/examples_with_annotator/BedpeAnnotator_build/CMakeFiles/CMakeTmp'

Source file was:
int main() { return 0; }
